
 Starting VHO calcuation
 James H. Thorpe

 Converting Å -> Bohrs
 Converting μ(gfm) -> μ(me)

 Number of basis functions :          70
 Equilibrium position      :   1.4013029439811107     
 Basis function k          :  0.36425804863723926     
 Basis function m          :   925.18335000000002     
 Basis function offset     :   1.1737005316868521     
 Basis function alpha      :   4.2845897182535948     
 Fit function type         :           4
 Fit RMS convergence       :   1.0000000000000001E-005
 ---------------------------------------------------------------------
 Fitting the surface

 Fitting options are:
  -1             : Display abscissa needed
   0             : Precalculated abscissa
   1             : a*exp(-b*r)
   2             : a*x^i
   3             : cubic spline
   4             : no fitting

 Option (4) selected
 ---------------------------------------------------------------------

 Calculating HO integrals
 Calculating potential energy numerical integrals
 Number of points :        1500

 Calculating Normalization Constants
 Number of points :     1000000
 between          :  -20.000000000000000      ,   20.000000000000000     
 with dx          :   4.0000000000000003E-005

 Normalizing Wavefunction

 Diagonalizing the Hamiltonian
 Info is:           0

 Vibrational Eigenvalues (a.u, cm-1)
 Eigenvalues written to eigs.dat
           0   9.8931808542107452E-003   2171.2564020736322     
           1   2.8789443740400746E-002   6318.4192177057512     
           2   4.6622602303663843E-002   10232.262527585104     
           3   6.3414383453585826E-002   13917.554736558481     
           4   7.9178330179871428E-002   17377.268124576382     
           5   9.3918853260041721E-002   20612.370724981356     
           6  0.10762994823465567        23621.544739059882     
           7  0.12029344582574113        26400.802555375405     
           8  0.13187654762509707        28942.945907280053     
           9  0.14233153047836497        31237.500994086760     
          10  0.15166142257352302        33285.132412211096     
          11  0.16036159082752283        35194.558338916431     
          12  0.16962903887938013        37228.485162857556     
          13  0.18013111124323966        39533.374984553811     
          14  0.19185445412217919        42106.297046194668     
          15  0.20468514020142967        44922.247720007770     

 Eigenvectors written to evec.dat
