
 Calculating Transition Dipole Moments

    A(vi)   A(vj)      |<vi|μ|vj>|^2
     0       0     0.00000000
     0       1     0.00129491
     0       2     0.00000000
     0       3     0.00108213
     0       4     0.00000000
     0       5     0.00688834
     0       6     0.00000000
     0       7     0.01732113
     0       8     0.00000000
     0       9     0.03231778
     0      10     0.00000000
     0      11     0.05322254
     0      12     0.00000000
     0      13     0.07202632
     0      14     0.00000000
     0      15     0.05342140
     0      16     0.00000000
     0      17     0.00809968
     0      18     0.00000000
     0      19     0.00131662
     0      20     0.00000000
     0      21     0.00541765
     0      22     0.00000000
     0      23     0.00412174
     0      24     0.00000000
     0      25     0.00210373
     0      26     0.00000000
     0      27     0.00090112
     0      28     0.00000000
     0      29     0.00034060
     0      30     0.00000000
 ------------------------------
     1       0     0.00129491
     1       1     0.00000000
     1       2     0.50675094
     1       3     0.00000000
     1       4     0.21230744
     1       5     0.00000000
     1       6     0.00073840
     1       7     0.00000000
     1       8     0.00198796
     1       9     0.00000000
     1      10     0.00159780
     1      11     0.00000000
     1      12     0.00123781
     1      13     0.00000000
     1      14     0.00105423
     1      15     0.00000000
     1      16     0.00088118
     1      17     0.00000000
     1      18     0.00057202
     1      19     0.00000000
     1      20     0.00025661
     1      21     0.00000000
     1      22     0.00007957
     1      23     0.00000000
     1      24     0.00001579
     1      25     0.00000000
     1      26     0.00000150
     1      27     0.00000000
     1      28     0.00000001
     1      29     0.00000000
     1      30     0.00000005
 ------------------------------
     2       0     0.00000000
     2       1     0.50675094
     2       2     0.00000000
     2       3     0.10633077
     2       4     0.00000000
     2       5     0.00236919
     2       6     0.00000000
     2       7     0.00307604
     2       8     0.00000000
     2       9     0.00960236
     2      10     0.00000000
     2      11     0.02333029
     2      12     0.00000000
     2      13     0.04243805
     2      14     0.00000000
     2      15     0.04390311
     2      16     0.00000000
     2      17     0.01471591
     2      18     0.00000000
     2      19     0.00028190
     2      20     0.00000000
     2      21     0.00091177
     2      22     0.00000000
     2      23     0.00134631
     2      24     0.00000000
     2      25     0.00091560
     2      26     0.00000000
     2      27     0.00047527
     2      28     0.00000000
     2      29     0.00020894
     2      30     0.00000000
 ------------------------------
     3       0     0.00108213
     3       1     0.00000000
     3       2     0.10633077
     3       3     0.00000000
     3       4     2.65691379
     3       5     0.00000000
     3       6     0.52104970
     3       7     0.00000000
     3       8     0.00270832
     3       9     0.00000000
     3      10     0.00026504
     3      11     0.00000000
     3      12     0.00101579
     3      13     0.00000000
     3      14     0.00133900
     3      15     0.00000000
     3      16     0.00139330
     3      17     0.00000000
     3      18     0.00110112
     3      19     0.00000000
     3      20     0.00062845
     3      21     0.00000000
     3      22     0.00027229
     3      23     0.00000000
     3      24     0.00009438
     3      25     0.00000000
     3      26     0.00002890
     3      27     0.00000000
     3      28     0.00001005
     3      29     0.00000000
     3      30     0.00000431
 ------------------------------
     4       0     0.00000000
     4       1     0.21230744
     4       2     0.00000000
     4       3     2.65691379
     4       4     0.00000000
     4       5     0.36523237
     4       6     0.00000000
     4       7     0.01330819
     4       8     0.00000000
     4       9     0.00818920
     4      10     0.00000000
     4      11     0.01666300
     4      12     0.00000000
     4      13     0.03525051
     4      14     0.00000000
     4      15     0.04638076
     4      16     0.00000000
     4      17     0.02374450
     4      18     0.00000000
     4      19     0.00303828
     4      20     0.00000000
     4      21     0.00000563
     4      22     0.00000000
     4      23     0.00040955
     4      24     0.00000000
     4      25     0.00046059
     4      26     0.00000000
     4      27     0.00030374
     4      28     0.00000000
     4      29     0.00015361
     4      30     0.00000000
 ------------------------------
     5       0     0.00688834
     5       1     0.00000000
     5       2     0.00236919
     5       3     0.00000000
     5       4     0.36523237
     5       5     0.00000000
     5       6     5.31524228
     5       7     0.00000000
     5       8     0.75517109
     5       9     0.00000000
     5      10     0.01118264
     5      11     0.00000000
     5      12     0.00007843
     5      13     0.00000000
     5      14     0.00041907
     5      15     0.00000000
     5      16     0.00104127
     5      17     0.00000000
     5      18     0.00119088
     5      19     0.00000000
     5      20     0.00088730
     5      21     0.00000000
     5      22     0.00049727
     5      23     0.00000000
     5      24     0.00023216
     5      25     0.00000000
     5      26     0.00010262
     5      27     0.00000000
     5      28     0.00005154
     5      29     0.00000000
     5      30     0.00002976
 ------------------------------
     6       0     0.00000000
     6       1     0.00073840
     6       2     0.00000000
     6       3     0.52104970
     6       4     0.00000000
     6       5     5.31524228
     6       6     0.00000000
     6       7     0.67627672
     6       8     0.00000000
     6       9     0.03206198
     6      10     0.00000000
     6      11     0.02010356
     6      12     0.00000000
     6      13     0.03500885
     6      14     0.00000000
     6      15     0.05197706
     6      16     0.00000000
     6      17     0.03483645
     6      18     0.00000000
     6      19     0.00834333
     6      20     0.00000000
     6      21     0.00059546
     6      22     0.00000000
     6      23     0.00001344
     6      24     0.00000000
     6      25     0.00014312
     6      26     0.00000000
     6      27     0.00014818
     6      28     0.00000000
     6      29     0.00008923
     6      30     0.00000000
 ------------------------------
     7       0     0.01732113
     7       1     0.00000000
     7       2     0.00307604
     7       3     0.00000000
     7       4     0.01330819
     7       5     0.00000000
     7       6     0.67627672
     7       7     0.00000000
     7       8     8.27264495
     7       9     0.00000000
     7      10     0.93006427
     7      11     0.00000000
     7      12     0.02176891
     7      13     0.00000000
     7      14     0.00094871
     7      15     0.00000000
     7      16     0.00007472
     7      17     0.00000000
     7      18     0.00059031
     7      19     0.00000000
     7      20     0.00074068
     7      21     0.00000000
     7      22     0.00056458
     7      23     0.00000000
     7      24     0.00034022
     7      25     0.00000000
     7      26     0.00019269
     7      27     0.00000000
     7      28     0.00012090
     7      29     0.00000000
     7      30     0.00008350
 ------------------------------
     8       0     0.00000000
     8       1     0.00198796
     8       2     0.00000000
     8       3     0.00270832
     8       4     0.00000000
     8       5     0.75517109
     8       6     0.00000000
     8       7     8.27264495
     8       8     0.00000000
     8       9     1.05017321
     8      10     0.00000000
     8      11     0.06545860
     8      12     0.00000000
     8      13     0.04838477
     8      14     0.00000000
     8      15     0.06423943
     8      16     0.00000000
     8      17     0.04967065
     8      18     0.00000000
     8      19     0.01652689
     8      20     0.00000000
     8      21     0.00274337
     8      22     0.00000000
     8      23     0.00021234
     8      24     0.00000000
     8      25     0.00000047
     8      26     0.00000000
     8      27     0.00002777
     8      28     0.00000000
     8      29     0.00002566
     8      30     0.00000000
 ------------------------------
     9       0     0.03231778
     9       1     0.00000000
     9       2     0.00960236
     9       3     0.00000000
     9       4     0.00818920
     9       5     0.00000000
     9       6     0.03206198
     9       7     0.00000000
     9       8     1.05017321
     9       9     0.00000000
     9      10    11.43368288
     9      11     0.00000000
     9      12     1.00916252
     9      13     0.00000000
     9      14     0.03170592
     9      15     0.00000000
     9      16     0.00240299
     9      17     0.00000000
     9      18     0.00001709
     9      19     0.00000000
     9      20     0.00017049
     9      21     0.00000000
     9      22     0.00030777
     9      23     0.00000000
     9      24     0.00027664
     9      25     0.00000000
     9      26     0.00020952
     9      27     0.00000000
     9      28     0.00016795
     9      29     0.00000000
     9      30     0.00014143
 ------------------------------
    10       0     0.00000000
    10       1     0.00159780
    10       2     0.00000000
    10       3     0.00026504
    10       4     0.00000000
    10       5     0.01118264
    10       6     0.00000000
    10       7     0.93006427
    10       8     0.00000000
    10       9    11.43368288
    10      10     0.00000000
    10      11     1.57060764
    10      12     0.00000000
    10      13     0.13225234
    10      14     0.00000000
    10      15     0.09790486
    10      16     0.00000000
    10      17     0.07345650
    10      18     0.00000000
    10      19     0.02886405
    10      20     0.00000000
    10      21     0.00681614
    10      22     0.00000000
    10      23     0.00121144
    10      24     0.00000000
    10      25     0.00015786
    10      26     0.00000000
    10      27     0.00001203
    10      28     0.00000000
    10      29     0.00000091
    10      30     0.00000000
 ------------------------------
    11       0     0.05322254
    11       1     0.00000000
    11       2     0.02333029
    11       3     0.00000000
    11       4     0.01666300
    11       5     0.00000000
    11       6     0.02010356
    11       7     0.00000000
    11       8     0.06545860
    11       9     0.00000000
    11      10     1.57060764
    11      11     0.00000000
    11      12    14.71181060
    11      13     0.00000000
    11      14     0.91455807
    11      15     0.00000000
    11      16     0.03687470
    11      17     0.00000000
    11      18     0.00400798
    11      19     0.00000000
    11      20     0.00033456
    11      21     0.00000000
    11      22     0.00000004
    11      23     0.00000000
    11      24     0.00004408
    11      25     0.00000000
    11      26     0.00008518
    11      27     0.00000000
    11      28     0.00011716
    11      29     0.00000000
    11      30     0.00014128
 ------------------------------
    12       0     0.00000000
    12       1     0.00123781
    12       2     0.00000000
    12       3     0.00101579
    12       4     0.00000000
    12       5     0.00007843
    12       6     0.00000000
    12       7     0.02176891
    12       8     0.00000000
    12       9     1.00916252
    12      10     0.00000000
    12      11    14.71181060
    12      12     0.00000000
    12      13     2.48550620
    12      14     0.00000000
    12      15     0.24850067
    12      16     0.00000000
    12      17     0.12526265
    12      18     0.00000000
    12      19     0.04906990
    12      20     0.00000000
    12      21     0.01345870
    12      22     0.00000000
    12      23     0.00322118
    12      24     0.00000000
    12      25     0.00074603
    12      26     0.00000000
    12      27     0.00018754
    12      28     0.00000000
    12      29     0.00007106
    12      30     0.00000000
 ------------------------------
    13       0     0.07202632
    13       1     0.00000000
    13       2     0.04243805
    13       3     0.00000000
    13       4     0.03525051
    13       5     0.00000000
    13       6     0.03500885
    13       7     0.00000000
    13       8     0.04838477
    13       9     0.00000000
    13      10     0.13225234
    13      11     0.00000000
    13      12     2.48550620
    13      13     0.00000000
    13      14    17.82210800
    13      15     0.00000000
    13      16     0.59338569
    13      17     0.00000000
    13      18     0.03088632
    13      19     0.00000000
    13      20     0.00461347
    13      21     0.00000000
    13      22     0.00085242
    13      23     0.00000000
    13      24     0.00014531
    13      25     0.00000000
    13      26     0.00000970
    13      27     0.00000000
    13      28     0.00000862
    13      29     0.00000000
    13      30     0.00005373
 ------------------------------
    14       0     0.00000000
    14       1     0.00105423
    14       2     0.00000000
    14       3     0.00133900
    14       4     0.00000000
    14       5     0.00041907
    14       6     0.00000000
    14       7     0.00094871
    14       8     0.00000000
    14       9     0.03170592
    14      10     0.00000000
    14      11     0.91455807
    14      12     0.00000000
    14      13    17.82210800
    14      14     0.00000000
    14      15     4.33709246
    14      16     0.00000000
    14      17     0.32963212
    14      18     0.00000000
    14      19     0.09126558
    14      20     0.00000000
    14      21     0.02419131
    14      22     0.00000000
    14      23     0.00637121
    14      24     0.00000000
    14      25     0.00179821
    14      26     0.00000000
    14      27     0.00059435
    14      28     0.00000000
    14      29     0.00027444
    14      30     0.00000000
 ------------------------------
    15       0     0.05342140
    15       1     0.00000000
    15       2     0.04390311
    15       3     0.00000000
    15       4     0.04638076
    15       5     0.00000000
    15       6     0.05197706
    15       7     0.00000000
    15       8     0.06423943
    15       9     0.00000000
    15      10     0.09790486
    15      11     0.00000000
    15      12     0.24850067
    15      13     0.00000000
    15      14     4.33709246
    15      15     0.00000000
    15      16    20.03833872
    15      17     0.00000000
    15      18     0.20905698
    15      19     0.00000000
    15      20     0.01283157
    15      21     0.00000000
    15      22     0.00242934
    15      23     0.00000000
    15      24     0.00068402
    15      25     0.00000000
    15      26     0.00020465
    15      27     0.00000000
    15      28     0.00003500
    15      29     0.00000000
    15      30     0.00000063
 ------------------------------
    16       0     0.00000000
    16       1     0.00088118
    16       2     0.00000000
    16       3     0.00139330
    16       4     0.00000000
    16       5     0.00104127
    16       6     0.00000000
    16       7     0.00007472
    16       8     0.00000000
    16       9     0.00240299
    16      10     0.00000000
    16      11     0.03687470
    16      12     0.00000000
    16      13     0.59338569
    16      14     0.00000000
    16      15    20.03833872
    16      16     0.00000000
    16      17     7.60157639
    16      18     0.00000000
    16      19     0.25670811
    16      20     0.00000000
    16      21     0.04575040
    16      22     0.00000000
    16      23     0.01103554
    16      24     0.00000000
    16      25     0.00322383
    16      26     0.00000000
    16      27     0.00116460
    16      28     0.00000000
    16      29     0.00058361
    16      30     0.00000000
 ------------------------------
    17       0     0.00809968
    17       1     0.00000000
    17       2     0.01471591
    17       3     0.00000000
    17       4     0.02374450
    17       5     0.00000000
    17       6     0.03483645
    17       7     0.00000000
    17       8     0.04967065
    17       9     0.00000000
    17      10     0.07345650
    17      11     0.00000000
    17      12     0.12526265
    17      13     0.00000000
    17      14     0.32963212
    17      15     0.00000000
    17      16     7.60157639
    17      17     0.00000000
    17      18    20.78566947
    17      19     0.00000000
    17      20     0.02560303
    17      21     0.00000000
    17      22     0.00083668
    17      23     0.00000000
    17      24     0.00013388
    17      25     0.00000000
    17      26     0.00004488
    17      27     0.00000000
    17      28     0.00000650
    17      29     0.00000000
    17      30     0.00000335
 ------------------------------
    18       0     0.00000000
    18       1     0.00057202
    18       2     0.00000000
    18       3     0.00110112
    18       4     0.00000000
    18       5     0.00119088
    18       6     0.00000000
    18       7     0.00059031
    18       8     0.00000000
    18       9     0.00001709
    18      10     0.00000000
    18      11     0.00400798
    18      12     0.00000000
    18      13     0.03088632
    18      14     0.00000000
    18      15     0.20905698
    18      16     0.00000000
    18      17    20.78566947
    18      18     0.00000000
    18      19    11.67396066
    18      20     0.00000000
    18      21     0.13502270
    18      22     0.00000000
    18      23     0.02062905
    18      24     0.00000000
    18      25     0.00529582
    18      26     0.00000000
    18      27     0.00188029
    18      28     0.00000000
    18      29     0.00094298
    18      30     0.00000000
 ------------------------------
    19       0     0.00131662
    19       1     0.00000000
    19       2     0.00028190
    19       3     0.00000000
    19       4     0.00303828
    19       5     0.00000000
    19       6     0.00834333
    19       7     0.00000000
    19       8     0.01652689
    19       9     0.00000000
    19      10     0.02886405
    19      11     0.00000000
    19      12     0.04906990
    19      13     0.00000000
    19      14     0.09126558
    19      15     0.00000000
    19      16     0.25670811
    19      17     0.00000000
    19      18    11.67396066
    19      19     0.00000000
    19      20    20.73485336
    19      21     0.00000000
    19      22     0.00002676
    19      23     0.00000000
    19      24     0.00067736
    19      25     0.00000000
    19      26     0.00034476
    19      27     0.00000000
    19      28     0.00019148
    19      29     0.00000000
    19      30     0.00017357
 ------------------------------
    20       0     0.00000000
    20       1     0.00025661
    20       2     0.00000000
    20       3     0.00062845
    20       4     0.00000000
    20       5     0.00088730
    20       6     0.00000000
    20       7     0.00074068
    20       8     0.00000000
    20       9     0.00017049
    20      10     0.00000000
    20      11     0.00033456
    20      12     0.00000000
    20      13     0.00461347
    20      14     0.00000000
    20      15     0.01283157
    20      16     0.00000000
    20      17     0.02560303
    20      18     0.00000000
    20      19    20.73485336
    20      20     0.00000000
    20      21    15.37072145
    20      22     0.00000000
    20      23     0.06425642
    20      24     0.00000000
    20      25     0.01022737
    20      26     0.00000000
    20      27     0.00310809
    20      28     0.00000000
    20      29     0.00147722
    20      30     0.00000000
 ------------------------------
    21       0     0.00541765
    21       1     0.00000000
    21       2     0.00091177
    21       3     0.00000000
    21       4     0.00000563
    21       5     0.00000000
    21       6     0.00059546
    21       7     0.00000000
    21       8     0.00274337
    21       9     0.00000000
    21      10     0.00681614
    21      11     0.00000000
    21      12     0.01345870
    21      13     0.00000000
    21      14     0.02419131
    21      15     0.00000000
    21      16     0.04575040
    21      17     0.00000000
    21      18     0.13502270
    21      19     0.00000000
    21      20    15.37072145
    21      21     0.00000000
    21      22    20.96423186
    21      23     0.00000000
    21      24     0.00457851
    21      25     0.00000000
    21      26     0.00217109
    21      27     0.00000000
    21      28     0.00112818
    21      29     0.00000000
    21      30     0.00069785
 ------------------------------
    22       0     0.00000000
    22       1     0.00007957
    22       2     0.00000000
    22       3     0.00027229
    22       4     0.00000000
    22       5     0.00049727
    22       6     0.00000000
    22       7     0.00056458
    22       8     0.00000000
    22       9     0.00030777
    22      10     0.00000000
    22      11     0.00000004
    22      12     0.00000000
    22      13     0.00085242
    22      14     0.00000000
    22      15     0.00242934
    22      16     0.00000000
    22      17     0.00083668
    22      18     0.00000000
    22      19     0.00002676
    22      20     0.00000000
    22      21    20.96423186
    22      22     0.00000000
    22      23    18.32715024
    22      24     0.00000000
    22      25     0.03377555
    22      26     0.00000000
    22      27     0.00620494
    22      28     0.00000000
    22      29     0.00248393
    22      30     0.00000000
 ------------------------------
    23       0     0.00412174
    23       1     0.00000000
    23       2     0.00134631
    23       3     0.00000000
    23       4     0.00040955
    23       5     0.00000000
    23       6     0.00001344
    23       7     0.00000000
    23       8     0.00021234
    23       9     0.00000000
    23      10     0.00121144
    23      11     0.00000000
    23      12     0.00322118
    23      13     0.00000000
    23      14     0.00637121
    23      15     0.00000000
    23      16     0.01103554
    23      17     0.00000000
    23      18     0.02062905
    23      19     0.00000000
    23      20     0.06425642
    23      21     0.00000000
    23      22    18.32715024
    23      23     0.00000000
    23      24    21.79922113
    23      25     0.00000000
    23      26     0.00814369
    23      27     0.00000000
    23      28     0.00274437
    23      29     0.00000000
    23      30     0.00172912
 ------------------------------
    24       0     0.00000000
    24       1     0.00001579
    24       2     0.00000000
    24       3     0.00009438
    24       4     0.00000000
    24       5     0.00023216
    24       6     0.00000000
    24       7     0.00034022
    24       8     0.00000000
    24       9     0.00027664
    24      10     0.00000000
    24      11     0.00004408
    24      12     0.00000000
    24      13     0.00014531
    24      14     0.00000000
    24      15     0.00068402
    24      16     0.00000000
    24      17     0.00013388
    24      18     0.00000000
    24      19     0.00067736
    24      20     0.00000000
    24      21     0.00457851
    24      22     0.00000000
    24      23    21.79922113
    24      24     0.00000000
    24      25    20.79830413
    24      26     0.00000000
    24      27     0.02229361
    24      28     0.00000000
    24      29     0.00459170
    24      30     0.00000000
 ------------------------------
    25       0     0.00210373
    25       1     0.00000000
    25       2     0.00091560
    25       3     0.00000000
    25       4     0.00046059
    25       5     0.00000000
    25       6     0.00014312
    25       7     0.00000000
    25       8     0.00000047
    25       9     0.00000000
    25      10     0.00015786
    25      11     0.00000000
    25      12     0.00074603
    25      13     0.00000000
    25      14     0.00179821
    25      15     0.00000000
    25      16     0.00322383
    25      17     0.00000000
    25      18     0.00529582
    25      19     0.00000000
    25      20     0.01022737
    25      21     0.00000000
    25      22     0.03377555
    25      23     0.00000000
    25      24    20.79830413
    25      25     0.00000000
    25      26    23.16148189
    25      27     0.00000000
    25      28     0.01140634
    25      29     0.00000000
    25      30     0.00274648
 ------------------------------
    26       0     0.00000000
    26       1     0.00000150
    26       2     0.00000000
    26       3     0.00002890
    26       4     0.00000000
    26       5     0.00010262
    26       6     0.00000000
    26       7     0.00019269
    26       8     0.00000000
    26       9     0.00020952
    26      10     0.00000000
    26      11     0.00008518
    26      12     0.00000000
    26      13     0.00000970
    26      14     0.00000000
    26      15     0.00020465
    26      16     0.00000000
    26      17     0.00004488
    26      18     0.00000000
    26      19     0.00034476
    26      20     0.00000000
    26      21     0.00217109
    26      22     0.00000000
    26      23     0.00814369
    26      24     0.00000000
    26      25    23.16148189
    26      26     0.00000000
    26      27    23.14387595
    26      28     0.00000000
    26      29     0.02038726
    26      30     0.00000000
 ------------------------------
    27       0     0.00090112
    27       1     0.00000000
    27       2     0.00047527
    27       3     0.00000000
    27       4     0.00030374
    27       5     0.00000000
    27       6     0.00014818
    27       7     0.00000000
    27       8     0.00002777
    27       9     0.00000000
    27      10     0.00001203
    27      11     0.00000000
    27      12     0.00018754
    27      13     0.00000000
    27      14     0.00059435
    27      15     0.00000000
    27      16     0.00116460
    27      17     0.00000000
    27      18     0.00188029
    27      19     0.00000000
    27      20     0.00310809
    27      21     0.00000000
    27      22     0.00620494
    27      23     0.00000000
    27      24     0.02229361
    27      25     0.00000000
    27      26    23.14387595
    27      27     0.00000000
    27      28    25.03229288
    27      29     0.00000000
    27      30     0.01664731
 ------------------------------
    28       0     0.00000000
    28       1     0.00000001
    28       2     0.00000000
    28       3     0.00001005
    28       4     0.00000000
    28       5     0.00005154
    28       6     0.00000000
    28       7     0.00012090
    28       8     0.00000000
    28       9     0.00016795
    28      10     0.00000000
    28      11     0.00011716
    28      12     0.00000000
    28      13     0.00000862
    28      14     0.00000000
    28      15     0.00003500
    28      16     0.00000000
    28      17     0.00000650
    28      18     0.00000000
    28      19     0.00019148
    28      20     0.00000000
    28      21     0.00112818
    28      22     0.00000000
    28      23     0.00274437
    28      24     0.00000000
    28      25     0.01140634
    28      26     0.00000000
    28      27    25.03229288
    28      28     0.00000000
    28      29    25.67387345
    28      30     0.00000000
 ------------------------------
    29       0     0.00034060
    29       1     0.00000000
    29       2     0.00020894
    29       3     0.00000000
    29       4     0.00015361
    29       5     0.00000000
    29       6     0.00008923
    29       7     0.00000000
    29       8     0.00002566
    29       9     0.00000000
    29      10     0.00000091
    29      11     0.00000000
    29      12     0.00007106
    29      13     0.00000000
    29      14     0.00027444
    29      15     0.00000000
    29      16     0.00058361
    29      17     0.00000000
    29      18     0.00094298
    29      19     0.00000000
    29      20     0.00147722
    29      21     0.00000000
    29      22     0.00248393
    29      23     0.00000000
    29      24     0.00459170
    29      25     0.00000000
    29      26     0.02038726
    29      27     0.00000000
    29      28    25.67387345
    29      29     0.00000000
    29      30    27.38003367
 ------------------------------
    30       0     0.00000000
    30       1     0.00000005
    30       2     0.00000000
    30       3     0.00000431
    30       4     0.00000000
    30       5     0.00002976
    30       6     0.00000000
    30       7     0.00008350
    30       8     0.00000000
    30       9     0.00014143
    30      10     0.00000000
    30      11     0.00014128
    30      12     0.00000000
    30      13     0.00005373
    30      14     0.00000000
    30      15     0.00000063
    30      16     0.00000000
    30      17     0.00000335
    30      18     0.00000000
    30      19     0.00017357
    30      20     0.00000000
    30      21     0.00069785
    30      22     0.00000000
    30      23     0.00172912
    30      24     0.00000000
    30      25     0.00274648
    30      26     0.00000000
    30      27     0.01664731
    30      28     0.00000000
    30      29    27.38003367
    30      30     0.00000000
 ------------------------------
