
 Starting VHO calcuation
 James H. Thorpe

 No units will be converted... be very careful

 Number of basis functions :          30
 Equilibrium position      :  0.50000000000000000     
 Basis function k          :   1200.2822265400907     
 Basis function m          :   2.0000000000000000     
 Basis function offset     :   99.999999594385756     
 Basis function alpha      :   6.9996825243794394     
 Fit function type         :           4
 Fit RMS convergence       :   1.0000000000000000E-004
 ---------------------------------------------------------------------
 Fitting the surface

 Fitting options are:
  -1             : Display abscissa needed
   0             : Precalculated abscissa
   1             : a*exp(-b*r)
   2             : a*x^i
   3             : cubic spline
   4             : no fitting

 Option (4) selected
 ---------------------------------------------------------------------

 Calculating HO integrals
 Calculating potential energy numerical integrals
 Number of points :       50001

 Calculating Normalization Constants
 Number of points :     1000000
 between          :  -20.000000000000000      ,   20.000000000000000     
 with dx          :   4.0000000000000003E-005

 Normalizing Wavefunction

 Diagonalizing the Hamiltonian
 Info is:           0

 Vibrational Eigenvalues (a.u, cm-1)
 Eigenvalues written to eigs.dat
           0   11.872357148728677        2605626.2234314824     
           1   33.366743080778939        7322999.1039385535     
           2   51.860273186108444        11381774.156155219     
           3   67.360614096791025        14783633.975822726     
           4   80.162151356139745        17593187.358131990     
           5   92.288997865125253        20254666.361459039     
           6   106.47675823134161        23368454.129032541     
           7   123.23120025051955        27045551.518981524     

 Eigenvectors written to evec.dat
