
 Starting VSCF calcuation
 James H. Thorpe

 Number of basis functions :           4
 Equilibrium position      :  0.50000000000000000     
 Basis function k          :   1.0000000000000000     
 Basis function m          :   2.0000000000000000     
 Basis function offset     :  -7.9999993555093439E-010
 Basis function alpha      :   1.1892071150027210     

 Calculating HO integrals
 Calculating potential energy numerical integrals
 Number of points :       50001

 Calculating Normalization Constants
 Number of points :     1000000
 between          :  -20.000000000000000      ,   20.000000000000000     
 with dx          :   4.0000000000000003E-005

 Normalizing Wavefunction

 Diagonalizing the Hamiltonian
 Info is:           0

 Vibrational Eigenvalues
 Eigenvalues written to eigs.dat
           0  0.35355338979328432     
           1   1.0606601709800270     
           2   1.7677669521681976     
           3   2.4748737333626951     

 Eigenvectors written to evec.dat

 Generating plot.dat and gnurun
 Visualize with:
         gnuplot < gnurun
         display plot.png

 Wavefunction plots saved as 'wave_X.dat'

 Calculating Frank-Condon integrals
 Number of points :      100000
 between          :  -20.000000000000000      ,   20.000000000000000     
 with dx          :   4.0000000000000002E-004

 Frank-Condon data saved as 'FC_ints.dat'
 Frank-Condon parameters save as 'FC_param.dat'

