
 Starting VSCF calcuation
 James H. Thorpe

 Number of basis functions :          30
 Equilibrium position      :  0.50000000000000000     
 Basis function k          :   1200.2822265400907     
 Basis function m          :   2.0000000000000000     
 Basis function offset     :   99.999999594385756     
 Basis function alpha      :   6.9996825243794394     

 Calculating HO integrals
 Calculating potential energy numerical integrals
 Number of points :       50001

 Calculating Normalization Constants
 Number of points :     1000000
 between          :  -20.000000000000000      ,   20.000000000000000     
 with dx          :   4.0000000000000003E-005

 Normalizing Wavefunction

 Diagonalizing the Hamiltonian
 Info is:           0

 Vibrational Eigenvalues
 Eigenvalues written to eigs.dat
           0   11.872357148728677     
           1   33.366743080778939     
           2   51.860273186108444     
           3   67.360614096791025     
           4   80.162151356139745     
           5   92.288997865125253     
           6   106.47675823134161     
           7   123.23120025051955     

 Eigenvectors written to evec.dat

 Generating plot.dat and gnurun
 Visualize with:
         gnuplot < gnurun
         display plot.png

 Wavefunction plots saved as 'wave_X.dat'

 Calculating Frank-Condon integrals
 Number of points :      100000
 between          :  -20.000000000000000      ,   20.000000000000000     
 with dx          :   4.0000000000000002E-004

 Frank-Condon data saved as 'FC_ints.dat'
 Frank-Condon parameters save as 'FC_param.dat'

