 xvho : called

 =======================================================
 Starting xvho

 Reading input from vho.in

3    	!job type
1	!basis type
3    	!# dimensions
8 8 8	!# basis functions in each dimension
10	!# eigenvalues to compute
1000	!memory in MB

 job     : 3 -> V from quadrature
 bas     : 1 -> Harmonic Oscillator basis
 ndim    :           3
 nbas    :           8           8           8
 enum    :          10
 mem     :                 1000
 input_jobinfo : completed with status            0
 =======================================================
 Generating Gauss-Hermite abscissa and weights

 The following number of abscissa will be used:
   11    11    11

 Saving gaussian quadrature info in 'gauss.in'
 ----------------------------------------------

 Beginning Construction of HO Hamiltonian
 Dimension of Hamiltonian         512

 Hamiltonian Memory Analysis
 Available memory        1000.00
 Minimum memory             0.02
 Precalc memory             0.02
 Incore memory              2.12
 Values are in MB

 HO Hamiltonian will be built with incore memory

 Constructing the Hamiltonian
 H_HO_build  : finished with s 0 in    4.5 s

 Diagonalization Memory Analysis
 Available memory        1000.00
 Minimum memory             2.13
 Incore memory              2.27
 Values are in MB

 Hamiltonian will be diagonalized with incore memory

 Diagonalizing the Hamiltonian
  Vibrational level      0
  Energy           4656.31 cm-1
  v0 ->               0.00 cm-1
 --------------------------------
 v's, Coef
 ------------------------------------------------
     0     0     0     0.98700
     0     1     0     0.15006
     0     1     2     0.03879
     0     3     0     0.02497
     0     2     0     0.02114
     2     0     0     0.01498
     2     1     0    -0.00955
     0     2     2     0.00906
     1     0     0     0.00862
     3     0     0    -0.00795
 ------------------------------------------------

  Vibrational level      1
  Energy           6249.21 cm-1
  v0 ->            1592.90 cm-1
 --------------------------------
 v's, Coef
 ------------------------------------------------
     1     0     0     0.98980
     1     1     0     0.11985
     1     1     2     0.03928
     3     0     0     0.03201
     2     0     0    -0.03070
     1     3     0     0.02490
     1     2     0     0.02045
     4     0     0    -0.01805
     3     1     0    -0.01768
     1     0     2     0.01134
 ------------------------------------------------

  Vibrational level      2
  Energy           7805.56 cm-1
  v0 ->            3149.25 cm-1
 --------------------------------
 v's, Coef
 ------------------------------------------------
     2     0     0     0.97654
     0     1     0    -0.13824
     3     0     0    -0.09119
     2     1     0     0.08229
     4     0     0     0.05623
     2     1     2     0.03839
     0     2     0    -0.03425
     5     0     0    -0.03273
     1     0     0     0.03104
     1     1     0     0.02911
 ------------------------------------------------

  Vibrational level      3
  Energy           8316.74 cm-1
  v0 ->            3660.43 cm-1
 --------------------------------
 v's, Coef
 ------------------------------------------------
     0     1     0     0.91294
     0     2     0     0.30916
     0     0     0    -0.15219
     2     0     0     0.13796
     0     0     2     0.10508
     0     3     0     0.07217
     0     2     2     0.06034
     0     4     0     0.05677
     2     1     0     0.03724
     0     1     2     0.03461
 ------------------------------------------------

  Vibrational level      4
  Energy           8401.62 cm-1
  v0 ->            3745.31 cm-1
 --------------------------------
 v's, Coef
 ------------------------------------------------
     0     0     1     0.94353
     0     1     1     0.29965
     0     2     1     0.07454
     0     1     3     0.07002
     1     0     1     0.06635
     0     3     1     0.03752
     0     2     3     0.03136
     2     0     1     0.02943
     0     0     3     0.02162
     1     1     1     0.01915
 ------------------------------------------------

  Vibrational level      5
  Energy           9322.99 cm-1
  v0 ->            4666.67 cm-1
 --------------------------------
 v's, Coef
 ------------------------------------------------
     3     0     0     0.94138
     1     1     0    -0.22421
     4     0     0    -0.16308
     2     0     0     0.10162
     5     0     0     0.08787
     2     1     0     0.06963
     6     0     0    -0.05189
     1     2     0    -0.04323
     5     1     0    -0.04212
     3     1     0     0.03661
 ------------------------------------------------

  Vibrational level      6
  Energy           9893.67 cm-1
  v0 ->            5237.35 cm-1
 --------------------------------
 v's, Coef
 ------------------------------------------------
     1     1     0     0.91080
     1     2     0     0.26853
     3     0     0     0.22341
     1     0     0    -0.12815
     1     0     2     0.10656
     1     3     0     0.06556
     1     2     2     0.06066
     3     1     0     0.05841
     1     4     0     0.05554
     1     1     2     0.03841
 ------------------------------------------------

  Vibrational level      7
  Energy           9950.75 cm-1
  v0 ->            5294.43 cm-1
 --------------------------------
 v's, Coef
 ------------------------------------------------
     1     0     1     0.94919
     1     1     1     0.27075
     1     1     3     0.07227
     0     0     1    -0.06843
     1     2     1     0.06699
     3     0     1     0.05301
     2     0     1     0.05139
     1     3     1     0.03615
     1     0     3     0.03206
     1     2     3     0.02914
 ------------------------------------------------

  Vibrational level      8
  Energy          10807.68 cm-1
  v0 ->            6151.36 cm-1
 --------------------------------
 v's, Coef
 ------------------------------------------------
     4     0     0     0.88015
     2     1     0    -0.28969
     5     0     0    -0.22753
     3     0     0     0.19900
     3     1     0     0.12142
     6     0     0     0.11798
     7     0     0    -0.06921
     6     1     0    -0.05702
     5     1     0     0.04981
     4     2     0     0.03803
 ------------------------------------------------

  Vibrational level      9
  Energy          11434.85 cm-1
  v0 ->            6778.54 cm-1
 --------------------------------
 v's, Coef
 ------------------------------------------------
     2     1     0     0.88073
     4     0     0     0.29492
     2     2     0     0.21417
     0     2     0    -0.17671
     2     0     2     0.10599
     2     0     0    -0.10212
     0     3     0    -0.08312
     4     1     0     0.07519
     2     3     0     0.06075
     2     2     2     0.05826
 ------------------------------------------------


 xvho finished with status  0 in    4.6 s
 =======================================================

