 xvho : called

 =======================================================
 Starting xvho

 Reading input from vho.in

1    	!job type
1	!basis type
3    	!# dimensions
15 15 15	!# basis functions in each dimension
10	!# eigenvalues to compute
1000	!memory in MB

 job     : 1 -> V from force constants up to 4th order
 bas     : 1 -> Harmonic Oscillator basis
 ndim    :           3
 nbas    :          15          15          15
 enum    :          10
 mem     :                 1000
 input_jobinfo : completed with status            0
 =======================================================
 Beginning Construction of HO Hamiltonian
 Dimension of Hamiltonian        3375

 Hamiltonian Memory Analysis
 Available memory        1000.00
 Minimum memory             0.04
 Precalc memory             0.04
 Incore memory             91.14
 Values are in MB

 HO Hamiltonian will be built with incore memory

 Reading force constants
 Numbering offset is:           6

 quadratic terms
   1        1658.196290000000090
   2        3835.791150000000016
   3        3947.681340000000091

 cubic terms
   1    1    1           265.126074138299998
   1    1    2           306.437375672399980
   1    2    2           -77.300801757599999
   2    2    2         -1808.862416073699933
   1    3    3          -273.824588071400001
   2    3    3         -1814.325474176499938

 quartic terms
   1    1    1    1           -55.770151892400001
   1    1    1    2          -155.146882825099993
   1    1    2    2          -302.312536558899978
   1    1    3    3          -364.302089337600023
   1    2    2    2            64.421787209200005
   1    2    3    3           120.796319162900005
   2    2    2    2           744.944156384299959
   2    2    3    3           750.237491594099993
   3    3    3    3           756.769871445899980

 Calculating Integrals...
 <i|q|i'> type integrals
 <i|q^2|i'> type integrals
 <i|q^3|i'> type integrals
 <i|q^4|i'> type integrals
 <i|p^2|i'> type integrals
 Filling the Hamiltonian...

 H_HO_build  : finished with s 0 in    0.8 s

 Diagonalization Memory Analysis
 Available memory        1000.00
 Minimum memory            91.31
 Incore memory             92.42
 Values are in MB

 Hamiltonian will be built with incore memory

 Diagonalizing the Hamiltonian
  Vibrational level      0
  Energy           4663.03 cm-1
  v0 ->               0.00 cm-1
 --------------------------------
 v's, Coef
 ------------------------------------------------
     0     0     0     0.98798
     0     1     0     0.14544
     0     1     2     0.03554
     0     3     0     0.02253
     0     2     0     0.01824
     2     0     0     0.01659
     1     0     0     0.00832
     3     0     0    -0.00773
     1     0     2     0.00698
     2     1     0    -0.00698
 ------------------------------------------------

  Vibrational level      1
  Energy           6246.92 cm-1
  v0 ->            1583.90 cm-1
 --------------------------------
 v's, Coef
 ------------------------------------------------
     1     0     0     0.98960
     1     1     0     0.12160
     1     1     2     0.03840
     3     0     0     0.03576
     2     0     0    -0.02990
     1     3     0     0.02412
     1     2     0     0.01972
     4     0     0    -0.01896
     3     1     0    -0.01401
     1     0     2     0.01073
 ------------------------------------------------

  Vibrational level      2
  Energy           7793.94 cm-1
  v0 ->            3130.91 cm-1
 --------------------------------
 v's, Coef
 ------------------------------------------------
     2     0     0     0.97986
     0     1     0    -0.09865
     3     0     0    -0.09450
     2     1     0     0.08888
     4     0     0     0.06563
     2     1     2     0.04048
     5     0     0    -0.03833
     1     0     0     0.03039
     1     1     0     0.02980
     4     1     0    -0.02508
 ------------------------------------------------

  Vibrational level      3
  Energy           8359.53 cm-1
  v0 ->            3696.50 cm-1
 --------------------------------
 v's, Coef
 ------------------------------------------------
     0     1     0     0.92746
     0     2     0     0.29617
     0     0     0    -0.14661
     0     0     2     0.09635
     2     0     0     0.09460
     0     3     0     0.06025
     0     2     2     0.04938
     0     4     0     0.04821
     2     1     0     0.04000
     0     1     2     0.02424
 ------------------------------------------------

  Vibrational level      4
  Energy           8449.45 cm-1
  v0 ->            3786.42 cm-1
 --------------------------------
 v's, Coef
 ------------------------------------------------
     0     0     1     0.95151
     0     1     1     0.28243
     1     0     1     0.06499
     0     2     1     0.05957
     0     1     3     0.05941
     2     0     1     0.03598
     0     3     1     0.02735
     0     2     3     0.02175
     1     1     1     0.01663
     0     0     3     0.01410
 ------------------------------------------------

  Vibrational level      5
  Energy           9285.08 cm-1
  v0 ->            4622.05 cm-1
 --------------------------------
 v's, Coef
 ------------------------------------------------
     3     0     0     0.94094
     4     0     0    -0.18304
     1     1     0    -0.17409
     5     0     0     0.11348
     2     0     0     0.10696
     2     1     0     0.07413
     6     0     0    -0.07294
     5     1     0    -0.04549
     3     1     0     0.04145
     3     1     2     0.04090
 ------------------------------------------------

  Vibrational level      6
  Energy           9896.14 cm-1
  v0 ->            5233.12 cm-1
 --------------------------------
 v's, Coef
 ------------------------------------------------
     1     1     0     0.92331
     1     2     0     0.26854
     3     0     0     0.17136
     1     0     0    -0.12931
     1     0     2     0.10345
     3     1     0     0.06898
     1     3     0     0.06131
     1     2     2     0.05448
     1     4     0     0.05181
     1     1     2     0.03309
 ------------------------------------------------

  Vibrational level      7
  Energy           9959.32 cm-1
  v0 ->            5296.29 cm-1
 --------------------------------
 v's, Coef
 ------------------------------------------------
     1     0     1     0.95078
     1     1     1     0.26714
     1     1     3     0.06642
     0     0     1    -0.06596
     3     0     1     0.06583
     1     2     1     0.05987
     2     0     1     0.05651
     1     3     1     0.02970
     1     0     3     0.02833
     0     1     1    -0.02344
 ------------------------------------------------

  Vibrational level      8
  Energy          10669.49 cm-1
  v0 ->            6006.46 cm-1
 --------------------------------
 v's, Coef
 ------------------------------------------------
     4     0     0     0.82066
     5     0     0    -0.28690
     3     0     0     0.23792
     2     1     0    -0.21586
     6     0     0     0.19142
     7     0     0    -0.14076
     3     1     0     0.13578
     8     0     0     0.09230
     6     1     0    -0.08900
     5     1     0     0.07511
 ------------------------------------------------

  Vibrational level      9
  Energy          11407.74 cm-1
  v0 ->            6744.72 cm-1
 --------------------------------
 v's, Coef
 ------------------------------------------------
     2     1     0     0.91078
     2     2     0     0.23316
     4     0     0     0.22135
     2     0     2     0.11303
     2     0     0    -0.11252
     0     2     0    -0.09239
     4     1     0     0.09164
     2     3     0     0.06263
     2     2     2     0.05923
     2     4     0     0.05421
 ------------------------------------------------


 xvho finished with status  0 in    4.5 s
 =======================================================

